<?xml version="1.0" encoding="UTF-8"?>
<testng-results skipped="0" failed="0" total="1" passed="1">
  <reporter-output>
  </reporter-output>
  <suite name="Default suite" duration-ms="93591" started-at="2017-07-26T05:15:13Z" finished-at="2017-07-26T05:16:46Z">
    <groups>
    </groups>
    <test name="Default test" duration-ms="93591" started-at="2017-07-26T05:15:13Z" finished-at="2017-07-26T05:16:46Z">
      <class name="com.URL.Tests.Test3">
        <test-method status="PASS" signature="beforeClass()[pri:0, instance:com.URL.Tests.Test3@5ba23b66]" name="beforeClass" is-config="true" duration-ms="11971" started-at="2017-07-26T10:45:13Z" finished-at="2017-07-26T10:45:25Z">
          <reporter-output>
          </reporter-output>
        </test-method> <!-- beforeClass -->
        <test-method status="PASS" signature="f()[pri:0, instance:com.URL.Tests.Test3@5ba23b66]" name="f" duration-ms="79869" started-at="2017-07-26T10:45:25Z" finished-at="2017-07-26T10:46:44Z">
          <reporter-output>
          </reporter-output>
        </test-method> <!-- f -->
        <test-method status="PASS" signature="afterClass()[pri:0, instance:com.URL.Tests.Test3@5ba23b66]" name="afterClass" is-config="true" duration-ms="1749" started-at="2017-07-26T10:46:44Z" finished-at="2017-07-26T10:46:46Z">
          <reporter-output>
          </reporter-output>
        </test-method> <!-- afterClass -->
      </class> <!-- com.URL.Tests.Test3 -->
    </test> <!-- Default test -->
  </suite> <!-- Default suite -->
</testng-results>
